preparing to ingest data/harmonized_variable_DD.csv
OrderedDict([('VARNAME', 'height_baseline_1'), ('VARDESC', 'Body height at baseline.'), ('TYPE', 'decimal'), ('UNITS', 'cm'), ('VARIABLE_SOURCE', 'UMLS'), ('SOURCE_VARIABLE_ID', 'C0005890'), ('VARIABLE_MAPPING', 'Comparable'), ('VALUES', ''), ('', '')])
OrderedDict([('VARNAME', 'age_at_height_baseline_1'), ('VARDESC', 'age at measurement of height_baseline_1'), ('TYPE', 'decimal'), ('UNITS', 'years'), ('VARIABLE_SOURCE', ''), ('SOURCE_VARIABLE_ID', ''), ('VARIABLE_MAPPING', ''), ('VALUES', ''), ('', '')])
OrderedDict([('VARNAME', 'unit_height_baseline_1'), ('VARDESC', 'harmonization unit for height_baseline_1'), ('TYPE', 'string'), ('UNITS', ''), ('VARIABLE_SOURCE', ''), ('SOURCE_VARIABLE_ID', ''), ('VARIABLE_MAPPING', ''), ('VALUES', ''), ('', '')])
OrderedDict([('VARNAME', 'weight_baseline_1'), ('VARDESC', 'Body weight at baseline.'), ('TYPE', 'decimal'), ('UNITS', 'kg'), ('VARIABLE_SOURCE', 'UMLS'), ('SOURCE_VARIABLE_ID', 'C0005910'), ('VARIABLE_MAPPING', 'Comparable'), ('VALUES', ''), ('', '')])
OrderedDict([('VARNAME', 'age_at_weight_baseline_1'), ('VARDESC', 'age at measurement of weight_baseline_1'), ('TYPE', 'decimal'), ('UNITS', 'years'), ('VARIABLE_SOURCE', ''), ('SOURCE_VARIABLE_ID', ''), ('VARIABLE_MAPPING', ''), ('VALUES', ''), ('', '')])
OrderedDict([('VARNAME', 'unit_weight_baseline_1'), ('VARDESC', 'harmonization unit for weight_baseline_1'), ('TYPE', 'string'), ('UNITS', ''), ('VARIABLE_SOURCE', ''), ('SOURCE_VARIABLE_ID', ''), ('VARIABLE_MAPPING', ''), ('VALUES', ''), ('', '')])
OrderedDict([('VARNAME', 'current_smoker_baseline_1'), ('VARDESC', 'Indicates whether subject currently smokes cigarettes.'), ('TYPE', 'encoded'), ('UNITS', ''), ('VARIABLE_SOURCE', 'UMLS'), ('SOURCE_VARIABLE_ID', 'C0337667'), ('VARIABLE_MAPPING', 'Comparable'), ('VALUES', '0=Does not currently smoke cigarettes'), ('', '1=Currently smokes cigarettes')])
OrderedDict([('VARNAME', 'age_at_current_smoker_baseline_1'), ('VARDESC', 'age at measurement of current_smoker_baseline_1'), ('TYPE', 'decimal'), ('UNITS', 'years'), ('VARIABLE_SOURCE', ''), ('SOURCE_VARIABLE_ID', ''), ('VARIABLE_MAPPING', ''), ('VALUES', ''), ('', '')])
OrderedDict([('VARNAME', 'unit_current_smoker_baseline_1'), ('VARDESC', 'harmonization unit for current_smoker_baseline_1'), ('TYPE', 'string'), ('UNITS', ''), ('VARIABLE_SOURCE', ''), ('SOURCE_VARIABLE_ID', ''), ('VARIABLE_MAPPING', ''), ('VALUES', ''), ('', '')])
OrderedDict([('VARNAME', 'ever_smoker_baseline_1'), ('VARDESC', 'Indicates whether subject ever regularly smoked cigarettes.'), ('TYPE', 'encoded'), ('UNITS', ''), ('VARIABLE_SOURCE', 'UMLS'), ('SOURCE_VARIABLE_ID', 'C1519384'), ('VARIABLE_MAPPING', 'Comparable'), ('VALUES', '0=Never a cigarette smoker'), ('', '1=Current or former cigarette smoker')])
OrderedDict([('VARNAME', 'age_at_ever_smoker_baseline_1'), ('VARDESC', 'age at measurement of ever_smoker_baseline_1'), ('TYPE', 'decimal'), ('UNITS', 'years'), ('VARIABLE_SOURCE', ''), ('SOURCE_VARIABLE_ID', ''), ('VARIABLE_MAPPING', ''), ('VALUES', ''), ('', '')])
OrderedDict([('VARNAME', 'unit_ever_smoker_baseline_1'), ('VARDESC', 'harmonization unit for ever_smoker_baseline_1'), ('TYPE', 'string'), ('UNITS', ''), ('VARIABLE_SOURCE', ''), ('SOURCE_VARIABLE_ID', ''), ('VARIABLE_MAPPING', ''), ('VALUES', ''), ('', '')])
OrderedDict([('VARNAME', 'bmi_baseline_1'), ('VARDESC', 'Body mass index calculated at baseline.'), ('TYPE', 'decimal'), ('UNITS', 'kg/m^2'), ('VARIABLE_SOURCE', 'UMLS'), ('SOURCE_VARIABLE_ID', 'C1305855'), ('VARIABLE_MAPPING', 'Comparable'), ('VALUES', ''), ('', '')])
OrderedDict([('VARNAME', 'age_at_bmi_baseline_1'), ('VARDESC', 'age at measurement of bmi_baseline_1'), ('TYPE', 'decimal'), ('UNITS', 'years'), ('VARIABLE_SOURCE', ''), ('SOURCE_VARIABLE_ID', ''), ('VARIABLE_MAPPING', ''), ('VALUES', ''), ('', '')])
OrderedDict([('VARNAME', 'unit_bmi_baseline_1'), ('VARDESC', 'harmonization unit for bmi_baseline_1'), ('TYPE', 'string'), ('UNITS', ''), ('VARIABLE_SOURCE', ''), ('SOURCE_VARIABLE_ID', ''), ('VARIABLE_MAPPING', ''), ('VALUES', ''), ('', '')])
{'study_id': 'TODO-???', 'variable_id': 'height_baseline_1', 'variable_name': 'height_baseline_1', 'description': 'Body height at baseline.', 'type': 'decimal', 'units': 'cm', 'xref': 'UMLS:C0005890', 'identifiers': {}}
JSONDecoderError normalizing curie: UMLS:C0005890
JSONDecoderError normalizing curie: pigQTL:31433
JSONDecoderError normalizing curie: pigQTL:31436
JSONDecoderError normalizing curie: pigQTL:31439
JSONDecoderError normalizing curie: sheepQTL:57932
JSONDecoderError normalizing curie: pigQTL:31391
JSONDecoderError normalizing curie: pigQTL:147195
JSONDecoderError normalizing curie: pigQTL:31394
JSONDecoderError normalizing curie: NCBIGene:104978969
JSONDecoderError normalizing curie: pigQTL:31430
JSONDecoderError normalizing curie: pigQTL:31397
JSONDecoderError normalizing curie: NCBIGene:104978965
JSONDecoderError normalizing curie: NCBIGene:104978967
JSONDecoderError normalizing curie: NCBIGene:104978963
JSONDecoderError normalizing curie: NCBIGene:104979278
JSONDecoderError normalizing curie: NCBIGene:104979279
JSONDecoderError normalizing curie: pigQTL:31421
JSONDecoderError normalizing curie: NCBIGene:101180093
JSONDecoderError normalizing curie: pigQTL:31424
JSONDecoderError normalizing curie: pigQTL:31427
JSONDecoderError normalizing curie: NCBIGene:101055340
JSONDecoderError normalizing curie: NCBIGene:101055189
JSONDecoderError normalizing curie: NCBIGene:104978939
JSONDecoderError normalizing curie: NCBIGene:104978935
JSONDecoderError normalizing curie: NCBIGene:104979506
JSONDecoderError normalizing curie: PATO:0000119
JSONDecoderError normalizing curie: pigQTL:172209
JSONDecoderError normalizing curie: pigQTL:31418
JSONDecoderError normalizing curie: pigQTL:165276
JSONDecoderError normalizing curie: NCBIGene:104979321
JSONDecoderError normalizing curie: sheepQTL:122126
JSONDecoderError normalizing curie: pigQTL:31412
JSONDecoderError normalizing curie: pigQTL:31415
JSONDecoderError normalizing curie: pigQTL:165271
JSONDecoderError normalizing curie: pigQTL:172208
JSONDecoderError normalizing curie: pigQTL:16975
JSONDecoderError normalizing curie: pigQTL:16974
JSONDecoderError normalizing curie: pigQTL:16973
JSONDecoderError normalizing curie: NCBIGene:104978947
JSONDecoderError normalizing curie: pigQTL:172210
JSONDecoderError normalizing curie: NCBIGene:104978949
JSONDecoderError normalizing curie: pigQTL:172211
JSONDecoderError normalizing curie: NCBIGene:104978943
JSONDecoderError normalizing curie: NCBIGene:104979516
JSONDecoderError normalizing curie: sheepQTL:136169
JSONDecoderError normalizing curie: sheepQTL:136168
JSONDecoderError normalizing curie: NCBIGene:104978945
JSONDecoderError normalizing curie: sheepQTL:136167
JSONDecoderError normalizing curie: sheepQTL:136166
JSONDecoderError normalizing curie: NCBIGene:101054921
JSONDecoderError normalizing curie: NCBIGene:104978940
JSONDecoderError normalizing curie: NCBIGene:104979511
JSONDecoderError normalizing curie: sheepQTL:57916
JSONDecoderError normalizing curie: pigQTL:31409
JSONDecoderError normalizing curie: NCBIGene:104978960
JSONDecoderError normalizing curie: pigQTL:165269
JSONDecoderError normalizing curie: pigQTL:165267
JSONDecoderError normalizing curie: pigQTL:31400
JSONDecoderError normalizing curie: pigQTL:31445
JSONDecoderError normalizing curie: pigQTL:31448
JSONDecoderError normalizing curie: sheepQTL:122130
JSONDecoderError normalizing curie: pigQTL:31403
JSONDecoderError normalizing curie: pigQTL:31447
JSONDecoderError normalizing curie: pigQTL:31406
JSONDecoderError normalizing curie: pigQTL:17944
JSONDecoderError normalizing curie: sheepQTL:57924
JSONDecoderError normalizing curie: pigQTL:106375
JSONDecoderError normalizing curie: NCBIGene:104978959
JSONDecoderError normalizing curie: pigQTL:31442
JSONDecoderError normalizing curie: sheepQTL:57920
JSONDecoderError normalizing curie: pigQTL:106372
JSONDecoderError normalizing curie: NCBIGene:104978955
JSONDecoderError normalizing curie: NCBIGene:104978951
JSONDecoderError normalizing curie: sheepQTL:57928
JSONDecoderError normalizing curie: pigQTL:121
JSONDecoderError normalizing curie: VT:0001253
JSONDecoderError normalizing curie: AQTLTrait:3293
JSONDecoderError normalizing curie: AQTLTrait:121
JSONDecoderError normalizing curie: EFO:0004339
JSONDecoderError normalizing curie: sheepQTL:3293
{'study_id': 'TODO-???', 'variable_id': 'age_at_height_baseline_1', 'variable_name': 'age_at_height_baseline_1', 'description': 'age at measurement of height_baseline_1', 'type': 'decimal', 'units': 'years', 'xref': ':', 'identifiers': {}}
JSONDecoderError normalizing curie: :
JSONDecoderError normalizing curie: pigQTL:31433
JSONDecoderError normalizing curie: pigQTL:31436
JSONDecoderError normalizing curie: pigQTL:31439
JSONDecoderError normalizing curie: sheepQTL:57932
JSONDecoderError normalizing curie: pigQTL:31391
JSONDecoderError normalizing curie: pigQTL:147195
JSONDecoderError normalizing curie: pigQTL:31394
JSONDecoderError normalizing curie: NCBIGene:104978969
JSONDecoderError normalizing curie: pigQTL:31430
JSONDecoderError normalizing curie: pigQTL:31397
JSONDecoderError normalizing curie: NCBIGene:104978965
JSONDecoderError normalizing curie: NCBIGene:104978967
JSONDecoderError normalizing curie: NCBIGene:104978963
JSONDecoderError normalizing curie: NCBIGene:104979278
JSONDecoderError normalizing curie: NCBIGene:104979279
JSONDecoderError normalizing curie: pigQTL:31421
JSONDecoderError normalizing curie: NCBIGene:101180093
JSONDecoderError normalizing curie: pigQTL:31424
JSONDecoderError normalizing curie: pigQTL:31427
JSONDecoderError normalizing curie: NCBIGene:101055340
JSONDecoderError normalizing curie: NCBIGene:101055189
JSONDecoderError normalizing curie: NCBIGene:104978939
JSONDecoderError normalizing curie: NCBIGene:104978935
JSONDecoderError normalizing curie: NCBIGene:104979506
JSONDecoderError normalizing curie: PATO:0000119
JSONDecoderError normalizing curie: pigQTL:172209
JSONDecoderError normalizing curie: pigQTL:31418
JSONDecoderError normalizing curie: pigQTL:165276
JSONDecoderError normalizing curie: NCBIGene:104979321
JSONDecoderError normalizing curie: sheepQTL:122126
JSONDecoderError normalizing curie: pigQTL:31412
JSONDecoderError normalizing curie: pigQTL:31415
JSONDecoderError normalizing curie: pigQTL:165271
JSONDecoderError normalizing curie: pigQTL:172208
JSONDecoderError normalizing curie: pigQTL:16975
JSONDecoderError normalizing curie: pigQTL:16974
JSONDecoderError normalizing curie: pigQTL:16973
JSONDecoderError normalizing curie: NCBIGene:104978947
JSONDecoderError normalizing curie: pigQTL:172210
JSONDecoderError normalizing curie: NCBIGene:104978949
JSONDecoderError normalizing curie: pigQTL:172211
JSONDecoderError normalizing curie: NCBIGene:104978943
JSONDecoderError normalizing curie: NCBIGene:104979516
JSONDecoderError normalizing curie: sheepQTL:136169
JSONDecoderError normalizing curie: sheepQTL:136168
JSONDecoderError normalizing curie: NCBIGene:104978945
JSONDecoderError normalizing curie: sheepQTL:136167
JSONDecoderError normalizing curie: sheepQTL:136166
JSONDecoderError normalizing curie: NCBIGene:101054921
JSONDecoderError normalizing curie: NCBIGene:104978940
JSONDecoderError normalizing curie: NCBIGene:104979511
JSONDecoderError normalizing curie: sheepQTL:57916
JSONDecoderError normalizing curie: pigQTL:31409
JSONDecoderError normalizing curie: NCBIGene:104978960
JSONDecoderError normalizing curie: pigQTL:165269
JSONDecoderError normalizing curie: pigQTL:165267
JSONDecoderError normalizing curie: pigQTL:31400
JSONDecoderError normalizing curie: pigQTL:31445
JSONDecoderError normalizing curie: pigQTL:31448
JSONDecoderError normalizing curie: sheepQTL:122130
JSONDecoderError normalizing curie: pigQTL:31403
JSONDecoderError normalizing curie: pigQTL:31447
JSONDecoderError normalizing curie: pigQTL:31406
JSONDecoderError normalizing curie: pigQTL:17944
JSONDecoderError normalizing curie: sheepQTL:57924
JSONDecoderError normalizing curie: pigQTL:106375
JSONDecoderError normalizing curie: NCBIGene:104978959
JSONDecoderError normalizing curie: pigQTL:31442
JSONDecoderError normalizing curie: sheepQTL:57920
JSONDecoderError normalizing curie: pigQTL:106372
JSONDecoderError normalizing curie: NCBIGene:104978955
JSONDecoderError normalizing curie: NCBIGene:104978951
JSONDecoderError normalizing curie: sheepQTL:57928
{'study_id': 'TODO-???', 'variable_id': 'unit_height_baseline_1', 'variable_name': 'unit_height_baseline_1', 'description': 'harmonization unit for height_baseline_1', 'type': 'string', 'units': '', 'xref': ':', 'identifiers': {}}
JSONDecoderError normalizing curie: :
JSONDecoderError normalizing curie: pigQTL:31433
JSONDecoderError normalizing curie: pigQTL:31436
JSONDecoderError normalizing curie: pigQTL:31439
JSONDecoderError normalizing curie: sheepQTL:57932
JSONDecoderError normalizing curie: pigQTL:31391
JSONDecoderError normalizing curie: pigQTL:147195
JSONDecoderError normalizing curie: pigQTL:31394
JSONDecoderError normalizing curie: NCBIGene:104978969
JSONDecoderError normalizing curie: pigQTL:31430
JSONDecoderError normalizing curie: pigQTL:31397
JSONDecoderError normalizing curie: NCBIGene:104978965
JSONDecoderError normalizing curie: NCBIGene:104978967
JSONDecoderError normalizing curie: NCBIGene:104978963
JSONDecoderError normalizing curie: NCBIGene:104979278
JSONDecoderError normalizing curie: NCBIGene:104979279
JSONDecoderError normalizing curie: pigQTL:31421
JSONDecoderError normalizing curie: NCBIGene:101180093
JSONDecoderError normalizing curie: pigQTL:31424
JSONDecoderError normalizing curie: pigQTL:31427
JSONDecoderError normalizing curie: NCBIGene:101055340
JSONDecoderError normalizing curie: NCBIGene:101055189
JSONDecoderError normalizing curie: NCBIGene:104978939
JSONDecoderError normalizing curie: NCBIGene:104978935
JSONDecoderError normalizing curie: NCBIGene:104979506
JSONDecoderError normalizing curie: PATO:0000119
JSONDecoderError normalizing curie: pigQTL:172209
JSONDecoderError normalizing curie: pigQTL:31418
JSONDecoderError normalizing curie: pigQTL:165276
JSONDecoderError normalizing curie: NCBIGene:104979321
JSONDecoderError normalizing curie: sheepQTL:122126
JSONDecoderError normalizing curie: pigQTL:31412
JSONDecoderError normalizing curie: pigQTL:31415
JSONDecoderError normalizing curie: pigQTL:165271
JSONDecoderError normalizing curie: pigQTL:172208
JSONDecoderError normalizing curie: pigQTL:16975
JSONDecoderError normalizing curie: pigQTL:16974
JSONDecoderError normalizing curie: pigQTL:16973
JSONDecoderError normalizing curie: NCBIGene:104978947
JSONDecoderError normalizing curie: pigQTL:172210
JSONDecoderError normalizing curie: NCBIGene:104978949
JSONDecoderError normalizing curie: pigQTL:172211
JSONDecoderError normalizing curie: NCBIGene:104978943
JSONDecoderError normalizing curie: NCBIGene:104979516
JSONDecoderError normalizing curie: sheepQTL:136169
JSONDecoderError normalizing curie: sheepQTL:136168
JSONDecoderError normalizing curie: NCBIGene:104978945
JSONDecoderError normalizing curie: sheepQTL:136167
JSONDecoderError normalizing curie: sheepQTL:136166
JSONDecoderError normalizing curie: NCBIGene:101054921
JSONDecoderError normalizing curie: NCBIGene:104978940
JSONDecoderError normalizing curie: NCBIGene:104979511
JSONDecoderError normalizing curie: sheepQTL:57916
JSONDecoderError normalizing curie: pigQTL:31409
JSONDecoderError normalizing curie: NCBIGene:104978960
JSONDecoderError normalizing curie: pigQTL:165269
JSONDecoderError normalizing curie: pigQTL:165267
JSONDecoderError normalizing curie: pigQTL:31400
JSONDecoderError normalizing curie: pigQTL:31445
JSONDecoderError normalizing curie: pigQTL:31448
JSONDecoderError normalizing curie: sheepQTL:122130
JSONDecoderError normalizing curie: pigQTL:31403
JSONDecoderError normalizing curie: pigQTL:31447
JSONDecoderError normalizing curie: pigQTL:31406
JSONDecoderError normalizing curie: pigQTL:17944
JSONDecoderError normalizing curie: sheepQTL:57924
JSONDecoderError normalizing curie: pigQTL:106375
JSONDecoderError normalizing curie: NCBIGene:104978959
JSONDecoderError normalizing curie: pigQTL:31442
JSONDecoderError normalizing curie: sheepQTL:57920
JSONDecoderError normalizing curie: pigQTL:106372
JSONDecoderError normalizing curie: NCBIGene:104978955
JSONDecoderError normalizing curie: NCBIGene:104978951
JSONDecoderError normalizing curie: sheepQTL:57928
{'study_id': 'TODO-???', 'variable_id': 'weight_baseline_1', 'variable_name': 'weight_baseline_1', 'description': 'Body weight at baseline.', 'type': 'decimal', 'units': 'kg', 'xref': 'UMLS:C0005910', 'identifiers': {}}
JSONDecoderError normalizing curie: UMLS:C0005910
JSONDecoderError normalizing curie: PATO:0000128
JSONDecoderError normalizing curie: AQTLTrait:3156
JSONDecoderError normalizing curie: IMPRESS-protocol:2/1
JSONDecoderError normalizing curie: chickenQTL:2042
JSONDecoderError normalizing curie: AQTLTrait:564
JSONDecoderError normalizing curie: cattleQTL:1404
JSONDecoderError normalizing curie: AQTLTrait:2042
JSONDecoderError normalizing curie: AQTLTrait:4064
JSONDecoderError normalizing curie: horseQTL:5106
JSONDecoderError normalizing curie: OMIA:002077
JSONDecoderError normalizing curie: EFO:0004338
JSONDecoderError normalizing curie: pigQTL:564
JSONDecoderError normalizing curie: rainbow_troutQTL:4064
JSONDecoderError normalizing curie: IMPRESS-parameters:60/4
JSONDecoderError normalizing curie: AQTLTrait:1404
JSONDecoderError normalizing curie: sheepQTL:3156
JSONDecoderError normalizing curie: AQTLTrait:5106
{'study_id': 'TODO-???', 'variable_id': 'age_at_weight_baseline_1', 'variable_name': 'age_at_weight_baseline_1', 'description': 'age at measurement of weight_baseline_1', 'type': 'decimal', 'units': 'years', 'xref': ':', 'identifiers': {}}
JSONDecoderError normalizing curie: :
JSONDecoderError normalizing curie: PATO:0000128
{'study_id': 'TODO-???', 'variable_id': 'unit_weight_baseline_1', 'variable_name': 'unit_weight_baseline_1', 'description': 'harmonization unit for weight_baseline_1', 'type': 'string', 'units': '', 'xref': ':', 'identifiers': {}}
JSONDecoderError normalizing curie: :
JSONDecoderError normalizing curie: PATO:0000128
{'study_id': 'TODO-???', 'variable_id': 'current_smoker_baseline_1', 'variable_name': 'current_smoker_baseline_1', 'description': 'Indicates whether subject currently smokes cigarettes.', 'type': 'encoded', 'units': '', 'xref': 'UMLS:C0337667', 'identifiers': {}}
JSONDecoderError normalizing curie: UMLS:C0337667
JSONDecoderError normalizing curie: dc:subject
{'study_id': 'TODO-???', 'variable_id': 'age_at_current_smoker_baseline_1', 'variable_name': 'age_at_current_smoker_baseline_1', 'description': 'age at measurement of current_smoker_baseline_1', 'type': 'decimal', 'units': 'years', 'xref': ':', 'identifiers': {}}
JSONDecoderError normalizing curie: :
{'study_id': 'TODO-???', 'variable_id': 'unit_current_smoker_baseline_1', 'variable_name': 'unit_current_smoker_baseline_1', 'description': 'harmonization unit for current_smoker_baseline_1', 'type': 'string', 'units': '', 'xref': ':', 'identifiers': {}}
JSONDecoderError normalizing curie: :
{'study_id': 'TODO-???', 'variable_id': 'ever_smoker_baseline_1', 'variable_name': 'ever_smoker_baseline_1', 'description': 'Indicates whether subject ever regularly smoked cigarettes.', 'type': 'encoded', 'units': '', 'xref': 'UMLS:C1519384', 'identifiers': {}}
JSONDecoderError normalizing curie: dc:subject
{'study_id': 'TODO-???', 'variable_id': 'age_at_ever_smoker_baseline_1', 'variable_name': 'age_at_ever_smoker_baseline_1', 'description': 'age at measurement of ever_smoker_baseline_1', 'type': 'decimal', 'units': 'years', 'xref': ':', 'identifiers': {}}
JSONDecoderError normalizing curie: :
{'study_id': 'TODO-???', 'variable_id': 'unit_ever_smoker_baseline_1', 'variable_name': 'unit_ever_smoker_baseline_1', 'description': 'harmonization unit for ever_smoker_baseline_1', 'type': 'string', 'units': '', 'xref': ':', 'identifiers': {}}
JSONDecoderError normalizing curie: :
{'study_id': 'TODO-???', 'variable_id': 'bmi_baseline_1', 'variable_name': 'bmi_baseline_1', 'description': 'Body mass index calculated at baseline.', 'type': 'decimal', 'units': 'kg/m^2', 'xref': 'UMLS:C1305855', 'identifiers': {}}
JSONDecoderError normalizing curie: PATO:0000125
JSONDecoderError normalizing curie: VT:0001259
JSONDecoderError normalizing curie: AQTLTrait:72
JSONDecoderError normalizing curie: EFO:0004340
JSONDecoderError normalizing curie: pigQTL:72
{'study_id': 'TODO-???', 'variable_id': 'age_at_bmi_baseline_1', 'variable_name': 'age_at_bmi_baseline_1', 'description': 'age at measurement of bmi_baseline_1', 'type': 'decimal', 'units': 'years', 'xref': ':', 'identifiers': {}}
JSONDecoderError normalizing curie: :
JSONDecoderError normalizing curie: PATO:0000125
JSONDecoderError normalizing curie: VT:0001259
JSONDecoderError normalizing curie: AQTLTrait:72
JSONDecoderError normalizing curie: EFO:0004340
JSONDecoderError normalizing curie: pigQTL:72
{'study_id': 'TODO-???', 'variable_id': 'unit_bmi_baseline_1', 'variable_name': 'unit_bmi_baseline_1', 'description': 'harmonization unit for bmi_baseline_1', 'type': 'string', 'units': '', 'xref': ':', 'identifiers': {}}
JSONDecoderError normalizing curie: :
JSONDecoderError normalizing curie: PATO:0000125
JSONDecoderError normalizing curie: VT:0001259
JSONDecoderError normalizing curie: AQTLTrait:72
JSONDecoderError normalizing curie: EFO:0004340
JSONDecoderError normalizing curie: pigQTL:72
